[04-Oct-2025 18:14:43 Asia/Bangkok] product_search_api.php called with q=t
[04-Oct-2025 18:14:43 Asia/Bangkok] Searching for: 't' with limit: 10
[04-Oct-2025 18:14:44 Asia/Bangkok] product_search_api.php called with q=te
[04-Oct-2025 18:14:44 Asia/Bangkok] Searching for: 'te' with limit: 10
[04-Oct-2025 18:14:45 Asia/Bangkok] product_search_api.php called with q=tes
[04-Oct-2025 18:14:45 Asia/Bangkok] Searching for: 'tes' with limit: 10
[04-Oct-2025 18:15:03 Asia/Bangkok] update_po_section.php called with: {"po_id":"4","item_id":"15","update_type":"delete_item"}
[04-Oct-2025 18:15:03 Asia/Bangkok] Processing update: po_id=4, type=delete_item
[04-Oct-2025 18:15:08 Asia/Bangkok] product_search_api.php called with q=tes
[04-Oct-2025 18:15:08 Asia/Bangkok] Searching for: 'tes' with limit: 10
[04-Oct-2025 18:15:10 Asia/Bangkok] product_search_api.php called with q=te
[04-Oct-2025 18:15:10 Asia/Bangkok] Searching for: 'te' with limit: 10
[04-Oct-2025 18:15:11 Asia/Bangkok] product_search_api.php called with q=t
[04-Oct-2025 18:15:11 Asia/Bangkok] Searching for: 't' with limit: 10
[04-Oct-2025 18:15:15 Asia/Bangkok] product_search_api.php called with q=tes
[04-Oct-2025 18:15:15 Asia/Bangkok] Searching for: 'tes' with limit: 10
[04-Oct-2025 18:16:20 Asia/Bangkok] product_search_api.php called with q=test
[04-Oct-2025 18:16:20 Asia/Bangkok] Searching for: 'test' with limit: 10
[04-Oct-2025 18:16:21 Asia/Bangkok] product_search_api.php called with q=te
[04-Oct-2025 18:16:21 Asia/Bangkok] Searching for: 'te' with limit: 10
[04-Oct-2025 18:16:27 Asia/Bangkok] product_search_api.php called with q=tes
[04-Oct-2025 18:16:27 Asia/Bangkok] Searching for: 'tes' with limit: 10
[04-Oct-2025 18:18:37 Asia/Bangkok] product_search_api.php called with q=ะ
[04-Oct-2025 18:18:37 Asia/Bangkok] Searching for: 'ะ' with limit: 10
[04-Oct-2025 18:18:39 Asia/Bangkok] product_search_api.php called with q=ะำ
[04-Oct-2025 18:18:39 Asia/Bangkok] Searching for: 'ะำ' with limit: 10
[04-Oct-2025 18:18:40 Asia/Bangkok] product_search_api.php called with q=ะำห
[04-Oct-2025 18:18:40 Asia/Bangkok] Searching for: 'ะำห' with limit: 10
[04-Oct-2025 18:18:43 Asia/Bangkok] product_search_api.php called with q=test
[04-Oct-2025 18:18:43 Asia/Bangkok] Searching for: 'test' with limit: 10
[04-Oct-2025 18:18:57 Asia/Bangkok] product_search_api.php called with q=test
[04-Oct-2025 18:18:57 Asia/Bangkok] Searching for: 'test' with limit: 10
[04-Oct-2025 18:23:31 Asia/Bangkok] === product_search_api.php START ===
[04-Oct-2025 18:23:31 Asia/Bangkok] Request query: ะำหะ
[04-Oct-2025 18:23:31 Asia/Bangkok] Request method: GET
[04-Oct-2025 18:23:31 Asia/Bangkok] Request URI: /api/product_search_api.php?q=%E0%B8%B0%E0%B8%B3%E0%B8%AB%E0%B8%B0&limit=10
[04-Oct-2025 18:23:31 Asia/Bangkok] Searching for: 'ะำหะ' with limit: 10
[04-Oct-2025 18:23:31 Asia/Bangkok] About to encode 0 results
[04-Oct-2025 18:23:31 Asia/Bangkok] Sent JSON response length: 2
[04-Oct-2025 18:23:31 Asia/Bangkok] === product_search_api.php END ===
[04-Oct-2025 18:23:33 Asia/Bangkok] === product_search_api.php START ===
[04-Oct-2025 18:23:33 Asia/Bangkok] Request query: test
[04-Oct-2025 18:23:33 Asia/Bangkok] Request method: GET
[04-Oct-2025 18:23:33 Asia/Bangkok] Request URI: /api/product_search_api.php?q=test&limit=10
[04-Oct-2025 18:23:33 Asia/Bangkok] Searching for: 'test' with limit: 10
[04-Oct-2025 18:23:33 Asia/Bangkok] About to encode 6 results
[04-Oct-2025 18:23:33 Asia/Bangkok] Sent JSON response length: 2209
[04-Oct-2025 18:23:33 Asia/Bangkok] === product_search_api.php END ===
[04-Oct-2025 18:25:58 Asia/Bangkok] === product_search_api.php START ===
[04-Oct-2025 18:25:58 Asia/Bangkok] Request query: tes
[04-Oct-2025 18:25:58 Asia/Bangkok] Request method: GET
[04-Oct-2025 18:25:58 Asia/Bangkok] Request URI: /api/product_search_api.php?q=tes&limit=10
[04-Oct-2025 18:25:58 Asia/Bangkok] Searching for: 'tes' with limit: 10
[04-Oct-2025 18:25:58 Asia/Bangkok] About to encode 6 results
[04-Oct-2025 18:25:58 Asia/Bangkok] Sent JSON response length: 2209
[04-Oct-2025 18:25:58 Asia/Bangkok] === product_search_api.php END ===
[04-Oct-2025 18:26:06 Asia/Bangkok] update_po_section.php called with: {"po_id":"4","product_id":"6","product_name":"test6","qty":"1","price_per_unit":"5","unit":"\u0e41\u0e1e\u0e47\u0e04","update_type":"add_item"}
[04-Oct-2025 18:26:06 Asia/Bangkok] Processing update: po_id=4, type=add_item
[04-Oct-2025 18:26:27 Asia/Bangkok] === product_search_api.php START ===
[04-Oct-2025 18:26:27 Asia/Bangkok] Request query: tes
[04-Oct-2025 18:26:27 Asia/Bangkok] Request method: GET
[04-Oct-2025 18:26:27 Asia/Bangkok] Request URI: /api/product_search_api.php?q=tes&limit=10
[04-Oct-2025 18:26:27 Asia/Bangkok] Searching for: 'tes' with limit: 10
[04-Oct-2025 18:26:27 Asia/Bangkok] About to encode 6 results
[04-Oct-2025 18:26:27 Asia/Bangkok] Sent JSON response length: 2209
[04-Oct-2025 18:26:27 Asia/Bangkok] === product_search_api.php END ===
[04-Oct-2025 18:26:46 Asia/Bangkok] === product_search_api.php START ===
[04-Oct-2025 18:26:46 Asia/Bangkok] Request query: test
[04-Oct-2025 18:26:46 Asia/Bangkok] Request method: GET
[04-Oct-2025 18:26:46 Asia/Bangkok] Request URI: /api/product_search_api.php?q=test&limit=10
[04-Oct-2025 18:26:46 Asia/Bangkok] Searching for: 'test' with limit: 10
[04-Oct-2025 18:26:46 Asia/Bangkok] About to encode 6 results
[04-Oct-2025 18:26:46 Asia/Bangkok] Sent JSON response length: 2209
[04-Oct-2025 18:26:46 Asia/Bangkok] === product_search_api.php END ===
[04-Oct-2025 18:26:52 Asia/Bangkok] update_po_section.php called with: {"po_id":"4","item_id":"17","product_id":"5","product_name":"test5","qty":"1","price_per_unit":"50","update_type":"item"}
[04-Oct-2025 18:26:52 Asia/Bangkok] Processing update: po_id=4, type=item
[04-Oct-2025 18:27:38 Asia/Bangkok] === product_search_api.php START ===
[04-Oct-2025 18:27:38 Asia/Bangkok] Request query: test
[04-Oct-2025 18:27:38 Asia/Bangkok] Request method: GET
[04-Oct-2025 18:27:38 Asia/Bangkok] Request URI: /api/product_search_api.php?q=test&limit=10
[04-Oct-2025 18:27:38 Asia/Bangkok] Searching for: 'test' with limit: 10
[04-Oct-2025 18:27:38 Asia/Bangkok] About to encode 6 results
[04-Oct-2025 18:27:38 Asia/Bangkok] Sent JSON response length: 2209
[04-Oct-2025 18:27:38 Asia/Bangkok] === product_search_api.php END ===
[04-Oct-2025 18:27:57 Asia/Bangkok] === product_search_api.php START ===
[04-Oct-2025 18:27:57 Asia/Bangkok] Request query: te
[04-Oct-2025 18:27:57 Asia/Bangkok] Request method: GET
[04-Oct-2025 18:27:57 Asia/Bangkok] Request URI: /api/product_search_api.php?q=te&limit=10
[04-Oct-2025 18:27:57 Asia/Bangkok] Searching for: 'te' with limit: 10
[04-Oct-2025 18:27:57 Asia/Bangkok] About to encode 6 results
[04-Oct-2025 18:27:57 Asia/Bangkok] Sent JSON response length: 2209
[04-Oct-2025 18:27:57 Asia/Bangkok] === product_search_api.php END ===
[04-Oct-2025 18:27:58 Asia/Bangkok] === product_search_api.php START ===
[04-Oct-2025 18:27:58 Asia/Bangkok] Request query: tes
[04-Oct-2025 18:27:58 Asia/Bangkok] Request method: GET
[04-Oct-2025 18:27:58 Asia/Bangkok] Request URI: /api/product_search_api.php?q=tes&limit=10
[04-Oct-2025 18:27:58 Asia/Bangkok] Searching for: 'tes' with limit: 10
[04-Oct-2025 18:27:58 Asia/Bangkok] About to encode 6 results
[04-Oct-2025 18:27:58 Asia/Bangkok] Sent JSON response length: 2209
[04-Oct-2025 18:27:58 Asia/Bangkok] === product_search_api.php END ===
[04-Oct-2025 18:28:02 Asia/Bangkok] update_po_section.php called with: {"po_id":"4","product_id":"3","product_name":"test3","qty":"1","price_per_unit":"10","unit":"\u0e41\u0e1e\u0e47\u0e04","update_type":"add_item"}
[04-Oct-2025 18:28:02 Asia/Bangkok] Processing update: po_id=4, type=add_item
[04-Oct-2025 18:28:13 Asia/Bangkok] update_po_section.php called with: {"po_id":"4","item_id":"18","product_id":"3","product_name":"test3","qty":"1","price_per_unit":"10","update_type":"item"}
[04-Oct-2025 18:28:13 Asia/Bangkok] Processing update: po_id=4, type=item
[04-Oct-2025 18:28:19 Asia/Bangkok] === product_search_api.php START ===
[04-Oct-2025 18:28:19 Asia/Bangkok] Request query: test
[04-Oct-2025 18:28:19 Asia/Bangkok] Request method: GET
[04-Oct-2025 18:28:19 Asia/Bangkok] Request URI: /api/product_search_api.php?q=test&limit=10
[04-Oct-2025 18:28:19 Asia/Bangkok] Searching for: 'test' with limit: 10
[04-Oct-2025 18:28:19 Asia/Bangkok] About to encode 6 results
[04-Oct-2025 18:28:19 Asia/Bangkok] Sent JSON response length: 2209
[04-Oct-2025 18:28:19 Asia/Bangkok] === product_search_api.php END ===
[04-Oct-2025 18:32:45 Asia/Bangkok] update_po_section.php called with: {"po_id":"4","supplier_id":"9","update_type":"supplier"}
[04-Oct-2025 18:32:45 Asia/Bangkok] Processing update: po_id=4, type=supplier
[04-Oct-2025 18:36:06 Asia/Bangkok] === product_search_api.php START ===
[04-Oct-2025 18:36:06 Asia/Bangkok] Request query: ะ
[04-Oct-2025 18:36:06 Asia/Bangkok] Request method: GET
[04-Oct-2025 18:36:06 Asia/Bangkok] Request URI: /api/product_search_api.php?q=%E0%B8%B0&limit=10
[04-Oct-2025 18:36:06 Asia/Bangkok] Searching for: 'ะ' with limit: 10
[04-Oct-2025 18:36:06 Asia/Bangkok] About to encode 0 results
[04-Oct-2025 18:36:06 Asia/Bangkok] Sent JSON response length: 2
[04-Oct-2025 18:36:06 Asia/Bangkok] === product_search_api.php END ===
[04-Oct-2025 18:36:06 Asia/Bangkok] === product_search_api.php START ===
[04-Oct-2025 18:36:06 Asia/Bangkok] Request query: ะห
[04-Oct-2025 18:36:06 Asia/Bangkok] Request method: GET
[04-Oct-2025 18:36:06 Asia/Bangkok] Request URI: /api/product_search_api.php?q=%E0%B8%B0%E0%B8%AB&limit=10
[04-Oct-2025 18:36:06 Asia/Bangkok] Searching for: 'ะห' with limit: 10
[04-Oct-2025 18:36:06 Asia/Bangkok] About to encode 0 results
[04-Oct-2025 18:36:06 Asia/Bangkok] Sent JSON response length: 2
[04-Oct-2025 18:36:06 Asia/Bangkok] === product_search_api.php END ===
[04-Oct-2025 18:36:08 Asia/Bangkok] === product_search_api.php START ===
[04-Oct-2025 18:36:08 Asia/Bangkok] Request query: tes
[04-Oct-2025 18:36:08 Asia/Bangkok] Request method: GET
[04-Oct-2025 18:36:08 Asia/Bangkok] Request URI: /api/product_search_api.php?q=tes&limit=10
[04-Oct-2025 18:36:08 Asia/Bangkok] Searching for: 'tes' with limit: 10
[04-Oct-2025 18:36:08 Asia/Bangkok] About to encode 6 results
[04-Oct-2025 18:36:08 Asia/Bangkok] Sent JSON response length: 2209
[04-Oct-2025 18:36:08 Asia/Bangkok] === product_search_api.php END ===
[04-Oct-2025 18:36:21 Asia/Bangkok] === product_search_api.php START ===
[04-Oct-2025 18:36:21 Asia/Bangkok] Request query: test
[04-Oct-2025 18:36:21 Asia/Bangkok] Request method: GET
[04-Oct-2025 18:36:21 Asia/Bangkok] Request URI: /api/product_search_api.php?q=test&limit=10
[04-Oct-2025 18:36:21 Asia/Bangkok] Searching for: 'test' with limit: 10
[04-Oct-2025 18:36:21 Asia/Bangkok] About to encode 6 results
[04-Oct-2025 18:36:21 Asia/Bangkok] Sent JSON response length: 2209
[04-Oct-2025 18:36:21 Asia/Bangkok] === product_search_api.php END ===
[04-Oct-2025 18:36:34 Asia/Bangkok] update_po_section.php called with: {"po_id":"4","product_id":"4","product_name":"test4","qty":"1","price_per_unit":"20","unit":"\u0e41\u0e1e\u0e47\u0e04","update_type":"add_item"}
[04-Oct-2025 18:36:34 Asia/Bangkok] Processing update: po_id=4, type=add_item
[04-Oct-2025 18:36:43 Asia/Bangkok] update_po_section.php called with: {"po_id":"4","item_id":"18","update_type":"delete_item"}
[04-Oct-2025 18:36:43 Asia/Bangkok] Processing update: po_id=4, type=delete_item
[04-Oct-2025 19:42:15 Asia/Bangkok] === product_search_api.php START ===
[04-Oct-2025 19:42:15 Asia/Bangkok] Request query: te
[04-Oct-2025 19:42:15 Asia/Bangkok] Request method: GET
[04-Oct-2025 19:42:15 Asia/Bangkok] Request URI: /api/product_search_api.php?q=te&limit=10
[04-Oct-2025 19:42:15 Asia/Bangkok] Searching for: 'te' with limit: 10
[04-Oct-2025 19:42:15 Asia/Bangkok] About to encode 6 results
[04-Oct-2025 19:42:15 Asia/Bangkok] Sent JSON response length: 2209
[04-Oct-2025 19:42:15 Asia/Bangkok] === product_search_api.php END ===
[04-Oct-2025 19:42:32 Asia/Bangkok] update_po_section.php called with: {"po_id":"5","product_id":"6","product_name":"test6","qty":"10","price_per_unit":"20","unit":"\u0e41\u0e1e\u0e47\u0e04","currency_id":"2","price_original":"20","exchange_rate":"39","update_type":"add_item"}
[04-Oct-2025 19:42:32 Asia/Bangkok] Processing update: po_id=5, type=add_item
[04-Oct-2025 19:42:50 Asia/Bangkok] === product_search_api.php START ===
[04-Oct-2025 19:42:50 Asia/Bangkok] Request query: r
[04-Oct-2025 19:42:50 Asia/Bangkok] Request method: GET
[04-Oct-2025 19:42:50 Asia/Bangkok] Request URI: /api/product_search_api.php?q=r&limit=10
[04-Oct-2025 19:42:50 Asia/Bangkok] Searching for: 'r' with limit: 10
[04-Oct-2025 19:42:50 Asia/Bangkok] About to encode 0 results
[04-Oct-2025 19:42:50 Asia/Bangkok] Sent JSON response length: 2
[04-Oct-2025 19:42:50 Asia/Bangkok] === product_search_api.php END ===
[04-Oct-2025 19:42:51 Asia/Bangkok] === product_search_api.php START ===
[04-Oct-2025 19:42:51 Asia/Bangkok] Request query: tw
[04-Oct-2025 19:42:51 Asia/Bangkok] Request method: GET
[04-Oct-2025 19:42:51 Asia/Bangkok] Request URI: /api/product_search_api.php?q=tw&limit=10
[04-Oct-2025 19:42:51 Asia/Bangkok] Searching for: 'tw' with limit: 10
[04-Oct-2025 19:42:51 Asia/Bangkok] About to encode 0 results
[04-Oct-2025 19:42:51 Asia/Bangkok] Sent JSON response length: 2
[04-Oct-2025 19:42:51 Asia/Bangkok] === product_search_api.php END ===
[04-Oct-2025 19:42:53 Asia/Bangkok] === product_search_api.php START ===
[04-Oct-2025 19:42:53 Asia/Bangkok] Request query: te
[04-Oct-2025 19:42:53 Asia/Bangkok] Request method: GET
[04-Oct-2025 19:42:53 Asia/Bangkok] Request URI: /api/product_search_api.php?q=te&limit=10
[04-Oct-2025 19:42:53 Asia/Bangkok] Searching for: 'te' with limit: 10
[04-Oct-2025 19:42:53 Asia/Bangkok] About to encode 6 results
[04-Oct-2025 19:42:53 Asia/Bangkok] Sent JSON response length: 2209
[04-Oct-2025 19:42:53 Asia/Bangkok] === product_search_api.php END ===
[04-Oct-2025 19:43:00 Asia/Bangkok] update_po_section.php called with: {"po_id":"6","product_id":"3","product_name":"test3","qty":"1","price_per_unit":"0.05","unit":"\u0e41\u0e1e\u0e47\u0e04","currency_id":"2","price_original":"0.05","exchange_rate":"39","update_type":"add_item"}
[04-Oct-2025 19:43:00 Asia/Bangkok] Processing update: po_id=6, type=add_item
[04-Oct-2025 19:44:01 Asia/Bangkok] update_po_section.php called with: {"po_id":"6","item_id":"23","update_type":"delete_item"}
[04-Oct-2025 19:44:01 Asia/Bangkok] Processing update: po_id=6, type=delete_item
[12-Oct-2025 12:05:26 Asia/Bangkok] update_po_section.php called with: {"po_id":"6","supplier_id":"9","update_type":"supplier"}
[12-Oct-2025 12:05:26 Asia/Bangkok] Processing update: po_id=6, type=supplier
[12-Oct-2025 12:05:44 Asia/Bangkok] === product_search_api.php START ===
[12-Oct-2025 12:05:44 Asia/Bangkok] Request query: test
[12-Oct-2025 12:05:44 Asia/Bangkok] Request method: GET
[12-Oct-2025 12:05:44 Asia/Bangkok] Request URI: /api/product_search_api.php?q=test&limit=10
[12-Oct-2025 12:05:44 Asia/Bangkok] Searching for: 'test' with limit: 10
[12-Oct-2025 12:05:44 Asia/Bangkok] About to encode 10 results
[12-Oct-2025 12:05:44 Asia/Bangkok] Sent JSON response length: 3736
[12-Oct-2025 12:05:44 Asia/Bangkok] === product_search_api.php END ===
[12-Oct-2025 12:05:50 Asia/Bangkok] === product_search_api.php START ===
[12-Oct-2025 12:05:50 Asia/Bangkok] Request query: 6
[12-Oct-2025 12:05:50 Asia/Bangkok] Request method: GET
[12-Oct-2025 12:05:50 Asia/Bangkok] Request URI: /api/product_search_api.php?q=6&limit=10
[12-Oct-2025 12:05:50 Asia/Bangkok] Searching for: '6' with limit: 10
[12-Oct-2025 12:05:50 Asia/Bangkok] About to encode 10 results
[12-Oct-2025 12:05:50 Asia/Bangkok] Sent JSON response length: 4670
[12-Oct-2025 12:05:50 Asia/Bangkok] === product_search_api.php END ===
[12-Oct-2025 12:05:50 Asia/Bangkok] === product_search_api.php START ===
[12-Oct-2025 12:05:50 Asia/Bangkok] Request query: 64
[12-Oct-2025 12:05:50 Asia/Bangkok] Request method: GET
[12-Oct-2025 12:05:50 Asia/Bangkok] Request URI: /api/product_search_api.php?q=64&limit=10
[12-Oct-2025 12:05:50 Asia/Bangkok] Searching for: '64' with limit: 10
[12-Oct-2025 12:05:50 Asia/Bangkok] About to encode 0 results
[12-Oct-2025 12:05:50 Asia/Bangkok] Sent JSON response length: 2
[12-Oct-2025 12:05:50 Asia/Bangkok] === product_search_api.php END ===
[12-Oct-2025 12:05:51 Asia/Bangkok] === product_search_api.php START ===
[12-Oct-2025 12:05:51 Asia/Bangkok] Request query: 6
[12-Oct-2025 12:05:51 Asia/Bangkok] Request method: GET
[12-Oct-2025 12:05:51 Asia/Bangkok] Request URI: /api/product_search_api.php?q=6&limit=10
[12-Oct-2025 12:05:51 Asia/Bangkok] Searching for: '6' with limit: 10
[12-Oct-2025 12:05:51 Asia/Bangkok] About to encode 10 results
[12-Oct-2025 12:05:51 Asia/Bangkok] Sent JSON response length: 4670
[12-Oct-2025 12:05:51 Asia/Bangkok] === product_search_api.php END ===
[12-Oct-2025 12:06:19 Asia/Bangkok] update_po_section.php called with: {"po_id":"6","product_id":"12","product_name":"Giovanni - Moisturizing Shave Cream Invigorating Tea Tree&Mint 207ml.","qty":"10","price_per_unit":"3.2","unit":"\u0e0a\u0e34\u0e49\u0e19","currency_id":"2","price_original":"3.2","exchange_rate":"39","update_type":"add_item"}
[12-Oct-2025 12:06:19 Asia/Bangkok] Processing update: po_id=6, type=add_item
[12-Oct-2025 23:28:52 Asia/Bangkok] === product_search_api.php START ===
[12-Oct-2025 23:28:52 Asia/Bangkok] Request query: ะำห
[12-Oct-2025 23:28:52 Asia/Bangkok] Request method: GET
[12-Oct-2025 23:28:52 Asia/Bangkok] Request URI: /api/product_search_api.php?q=%E0%B8%B0%E0%B8%B3%E0%B8%AB&limit=10
[12-Oct-2025 23:28:52 Asia/Bangkok] Searching for: 'ะำห' with limit: 10
[12-Oct-2025 23:28:52 Asia/Bangkok] About to encode 0 results
[12-Oct-2025 23:28:52 Asia/Bangkok] Sent JSON response length: 2
[12-Oct-2025 23:28:52 Asia/Bangkok] === product_search_api.php END ===
[12-Oct-2025 23:28:53 Asia/Bangkok] === product_search_api.php START ===
[12-Oct-2025 23:28:53 Asia/Bangkok] Request query: ะำหะ
[12-Oct-2025 23:28:53 Asia/Bangkok] Request method: GET
[12-Oct-2025 23:28:53 Asia/Bangkok] Request URI: /api/product_search_api.php?q=%E0%B8%B0%E0%B8%B3%E0%B8%AB%E0%B8%B0&limit=10
[12-Oct-2025 23:28:53 Asia/Bangkok] Searching for: 'ะำหะ' with limit: 10
[12-Oct-2025 23:28:53 Asia/Bangkok] About to encode 0 results
[12-Oct-2025 23:28:53 Asia/Bangkok] Sent JSON response length: 2
[12-Oct-2025 23:28:53 Asia/Bangkok] === product_search_api.php END ===
[12-Oct-2025 23:28:55 Asia/Bangkok] === product_search_api.php START ===
[12-Oct-2025 23:28:55 Asia/Bangkok] Request query: t
[12-Oct-2025 23:28:55 Asia/Bangkok] Request method: GET
[12-Oct-2025 23:28:55 Asia/Bangkok] Request URI: /api/product_search_api.php?q=t&limit=10
[12-Oct-2025 23:28:55 Asia/Bangkok] Searching for: 't' with limit: 10
[12-Oct-2025 23:28:55 Asia/Bangkok] About to encode 10 results
[12-Oct-2025 23:28:55 Asia/Bangkok] Sent JSON response length: 5413
[12-Oct-2025 23:28:55 Asia/Bangkok] === product_search_api.php END ===
[12-Oct-2025 23:28:57 Asia/Bangkok] === product_search_api.php START ===
[12-Oct-2025 23:28:57 Asia/Bangkok] Request query: test1
[12-Oct-2025 23:28:57 Asia/Bangkok] Request method: GET
[12-Oct-2025 23:28:57 Asia/Bangkok] Request URI: /api/product_search_api.php?q=test1&limit=10
[12-Oct-2025 23:28:57 Asia/Bangkok] Searching for: 'test1' with limit: 10
[12-Oct-2025 23:28:57 Asia/Bangkok] About to encode 2 results
[12-Oct-2025 23:28:57 Asia/Bangkok] Sent JSON response length: 749
[12-Oct-2025 23:28:57 Asia/Bangkok] === product_search_api.php END ===
[12-Oct-2025 23:29:15 Asia/Bangkok] update_po_section.php called with: {"po_id":"23","product_id":"1","product_name":"test1","qty":"10","price_per_unit":"4.7","unit":"\u0e41\u0e1e\u0e47\u0e04","currency_id":"1","price_original":"4.7","exchange_rate":"1","update_type":"add_item"}
[12-Oct-2025 23:29:15 Asia/Bangkok] Processing update: po_id=23, type=add_item
[13-Oct-2025 00:50:35 Asia/Bangkok] === product_search_api.php START ===
[13-Oct-2025 00:50:35 Asia/Bangkok] Request query: 841058005209
[13-Oct-2025 00:50:35 Asia/Bangkok] Request method: GET
[13-Oct-2025 00:50:35 Asia/Bangkok] Request URI: //api/product_search_api.php?q=841058005209&type=issue&available_only=true
[13-Oct-2025 00:50:35 Asia/Bangkok] Searching for: '841058005209' with limit: 10
[13-Oct-2025 00:50:35 Asia/Bangkok] About to encode 5 results for type: issue
[13-Oct-2025 00:50:35 Asia/Bangkok] Sent JSON response length: 3635
[13-Oct-2025 00:50:35 Asia/Bangkok] === product_search_api.php END ===
[13-Oct-2025 00:51:24 Asia/Bangkok] === product_search_api.php START ===
[13-Oct-2025 00:51:24 Asia/Bangkok] Request query: 716237183224
[13-Oct-2025 00:51:24 Asia/Bangkok] Request method: GET
[13-Oct-2025 00:51:24 Asia/Bangkok] Request URI: //api/product_search_api.php?q=716237183224&type=issue&available_only=true
[13-Oct-2025 00:51:24 Asia/Bangkok] Searching for: '716237183224' with limit: 10
[13-Oct-2025 00:51:24 Asia/Bangkok] About to encode 7 results for type: issue
[13-Oct-2025 00:51:24 Asia/Bangkok] Sent JSON response length: 5552
[13-Oct-2025 00:51:24 Asia/Bangkok] === product_search_api.php END ===
[13-Oct-2025 00:51:24 Asia/Bangkok] === product_search_api.php START ===
[13-Oct-2025 00:51:24 Asia/Bangkok] Request query: 716237183224
[13-Oct-2025 00:51:24 Asia/Bangkok] Request method: GET
[13-Oct-2025 00:51:24 Asia/Bangkok] Request URI: //api/product_search_api.php?q=716237183224&type=issue&available_only=true
[13-Oct-2025 00:51:24 Asia/Bangkok] Searching for: '716237183224' with limit: 10
[13-Oct-2025 00:51:24 Asia/Bangkok] About to encode 7 results for type: issue
[13-Oct-2025 00:51:24 Asia/Bangkok] Sent JSON response length: 5552
[13-Oct-2025 00:51:24 Asia/Bangkok] === product_search_api.php END ===
[13-Oct-2025 01:12:23 Asia/Bangkok] === product_search_api.php START ===
[13-Oct-2025 01:12:23 Asia/Bangkok] Request query: TEST
[13-Oct-2025 01:12:23 Asia/Bangkok] Request method: GET
[13-Oct-2025 01:12:23 Asia/Bangkok] Request URI: //api/product_search_api.php?q=TEST&type=issue&available_only=true
[13-Oct-2025 01:12:23 Asia/Bangkok] Searching for: 'TEST' with limit: 10
[13-Oct-2025 01:12:23 Asia/Bangkok] About to encode 10 results for type: issue
[13-Oct-2025 01:12:23 Asia/Bangkok] Sent JSON response length: 5182
[13-Oct-2025 01:12:23 Asia/Bangkok] === product_search_api.php END ===
[13-Oct-2025 01:12:30 Asia/Bangkok] === product_search_api.php START ===
[13-Oct-2025 01:12:30 Asia/Bangkok] Request query: TEST
[13-Oct-2025 01:12:30 Asia/Bangkok] Request method: GET
[13-Oct-2025 01:12:30 Asia/Bangkok] Request URI: //api/product_search_api.php?q=TEST&type=issue&available_only=true
[13-Oct-2025 01:12:30 Asia/Bangkok] Searching for: 'TEST' with limit: 10
[13-Oct-2025 01:12:30 Asia/Bangkok] About to encode 10 results for type: issue
[13-Oct-2025 01:12:30 Asia/Bangkok] Sent JSON response length: 5182
[13-Oct-2025 01:12:30 Asia/Bangkok] === product_search_api.php END ===
[13-Oct-2025 01:12:37 Asia/Bangkok] === product_search_api.php START ===
[13-Oct-2025 01:12:37 Asia/Bangkok] Request query: GI
[13-Oct-2025 01:12:37 Asia/Bangkok] Request method: GET
[13-Oct-2025 01:12:37 Asia/Bangkok] Request URI: //api/product_search_api.php?q=GI&type=issue&available_only=true
[13-Oct-2025 01:12:37 Asia/Bangkok] Searching for: 'GI' with limit: 10
[13-Oct-2025 01:12:37 Asia/Bangkok] About to encode 10 results for type: issue
[13-Oct-2025 01:12:37 Asia/Bangkok] Sent JSON response length: 7836
[13-Oct-2025 01:12:37 Asia/Bangkok] === product_search_api.php END ===
[13-Oct-2025 01:12:50 Asia/Bangkok] Issue request: Tag=298787KKJKI877, Products=2, User=1
[13-Oct-2025 01:12:50 Asia/Bangkok] Successfully issued: Product ID 1, Qty 1, Receive ID 45
[13-Oct-2025 01:12:50 Asia/Bangkok] Successfully issued: Product ID 12, Qty 1, Receive ID 50
[13-Oct-2025 01:12:50 Asia/Bangkok] Issue completed: 2 successful, 0 errors
[13-Oct-2025 01:24:01 Asia/Bangkok] PDO Error in sales_orders_api: SQLSTATE[42S22]: Column not found: 1054 Unknown column 'u.full_name' in 'field list'
[13-Oct-2025 01:24:11 Asia/Bangkok] PDO Error in sales_orders_api: SQLSTATE[42S22]: Column not found: 1054 Unknown column 'u.full_name' in 'field list'
[13-Oct-2025 01:24:14 Asia/Bangkok] PDO Error in sales_orders_api: SQLSTATE[42S22]: Column not found: 1054 Unknown column 'u.full_name' in 'field list'
[13-Oct-2025 01:24:30 Asia/Bangkok] PDO Error in sales_orders_api: SQLSTATE[42S22]: Column not found: 1054 Unknown column 'u.full_name' in 'field list'
[13-Oct-2025 08:16:23 Asia/Bangkok] === product_search_api.php START ===
[13-Oct-2025 08:16:23 Asia/Bangkok] Request query: gi
[13-Oct-2025 08:16:23 Asia/Bangkok] Request method: GET
[13-Oct-2025 08:16:23 Asia/Bangkok] Request URI: /api/product_search_api.php?q=gi&type=issue&available_only=true
[13-Oct-2025 08:16:23 Asia/Bangkok] Searching for: 'gi' with limit: 10
[13-Oct-2025 08:16:23 Asia/Bangkok] About to encode 9 results for type: issue
[13-Oct-2025 08:16:23 Asia/Bangkok] Sent JSON response length: 7087
[13-Oct-2025 08:16:23 Asia/Bangkok] === product_search_api.php END ===
[13-Oct-2025 08:17:56 Asia/Bangkok] === product_search_api.php START ===
[13-Oct-2025 08:17:56 Asia/Bangkok] Request query: เร
[13-Oct-2025 08:17:56 Asia/Bangkok] Request method: GET
[13-Oct-2025 08:17:56 Asia/Bangkok] Request URI: /api/product_search_api.php?q=%E0%B9%80%E0%B8%A3&type=issue&available_only=true
[13-Oct-2025 08:17:56 Asia/Bangkok] Searching for: 'เร' with limit: 10
[13-Oct-2025 08:17:56 Asia/Bangkok] About to encode 0 results for type: issue
[13-Oct-2025 08:17:56 Asia/Bangkok] Sent JSON response length: 15
[13-Oct-2025 08:17:56 Asia/Bangkok] === product_search_api.php END ===
[13-Oct-2025 08:17:58 Asia/Bangkok] === product_search_api.php START ===
[13-Oct-2025 08:17:58 Asia/Bangkok] Request query: เร
[13-Oct-2025 08:17:58 Asia/Bangkok] Request method: GET
[13-Oct-2025 08:17:58 Asia/Bangkok] Request URI: /api/product_search_api.php?q=%E0%B9%80%E0%B8%A3&type=issue&available_only=true
[13-Oct-2025 08:17:58 Asia/Bangkok] Searching for: 'เร' with limit: 10
[13-Oct-2025 08:17:58 Asia/Bangkok] About to encode 0 results for type: issue
[13-Oct-2025 08:17:58 Asia/Bangkok] Sent JSON response length: 15
[13-Oct-2025 08:17:58 Asia/Bangkok] === product_search_api.php END ===
[13-Oct-2025 08:18:00 Asia/Bangkok] === product_search_api.php START ===
[13-Oct-2025 08:18:00 Asia/Bangkok] Request query: gi
[13-Oct-2025 08:18:00 Asia/Bangkok] Request method: GET
[13-Oct-2025 08:18:00 Asia/Bangkok] Request URI: /api/product_search_api.php?q=gi&type=issue&available_only=true
[13-Oct-2025 08:18:00 Asia/Bangkok] Searching for: 'gi' with limit: 10
[13-Oct-2025 08:18:00 Asia/Bangkok] About to encode 9 results for type: issue
[13-Oct-2025 08:18:00 Asia/Bangkok] Sent JSON response length: 7087
[13-Oct-2025 08:18:00 Asia/Bangkok] === product_search_api.php END ===
[13-Oct-2025 08:18:30 Asia/Bangkok] === product_search_api.php START ===
[13-Oct-2025 08:18:30 Asia/Bangkok] Request query: test
[13-Oct-2025 08:18:30 Asia/Bangkok] Request method: GET
[13-Oct-2025 08:18:30 Asia/Bangkok] Request URI: /api/product_search_api.php?q=test&type=issue&available_only=true
[13-Oct-2025 08:18:30 Asia/Bangkok] Searching for: 'test' with limit: 10
[13-Oct-2025 08:18:30 Asia/Bangkok] About to encode 10 results for type: issue
[13-Oct-2025 08:18:30 Asia/Bangkok] Sent JSON response length: 5182
[13-Oct-2025 08:18:30 Asia/Bangkok] === product_search_api.php END ===
[13-Oct-2025 08:20:31 Asia/Bangkok] === product_search_api.php START ===
[13-Oct-2025 08:20:31 Asia/Bangkok] Request query: tst
[13-Oct-2025 08:20:31 Asia/Bangkok] Request method: GET
[13-Oct-2025 08:20:31 Asia/Bangkok] Request URI: /api/product_search_api.php?q=tst&type=issue&available_only=true
[13-Oct-2025 08:20:31 Asia/Bangkok] Searching for: 'tst' with limit: 10
[13-Oct-2025 08:20:31 Asia/Bangkok] About to encode 0 results for type: issue
[13-Oct-2025 08:20:31 Asia/Bangkok] Sent JSON response length: 15
[13-Oct-2025 08:20:31 Asia/Bangkok] === product_search_api.php END ===
[13-Oct-2025 08:20:33 Asia/Bangkok] === product_search_api.php START ===
[13-Oct-2025 08:20:33 Asia/Bangkok] Request query: tsest
[13-Oct-2025 08:20:33 Asia/Bangkok] Request method: GET
[13-Oct-2025 08:20:33 Asia/Bangkok] Request URI: /api/product_search_api.php?q=tsest&type=issue&available_only=true
[13-Oct-2025 08:20:33 Asia/Bangkok] Searching for: 'tsest' with limit: 10
[13-Oct-2025 08:20:33 Asia/Bangkok] About to encode 0 results for type: issue
[13-Oct-2025 08:20:33 Asia/Bangkok] Sent JSON response length: 15
[13-Oct-2025 08:20:33 Asia/Bangkok] === product_search_api.php END ===
[13-Oct-2025 08:20:34 Asia/Bangkok] === product_search_api.php START ===
[13-Oct-2025 08:20:34 Asia/Bangkok] Request query: tsest1
[13-Oct-2025 08:20:34 Asia/Bangkok] Request method: GET
[13-Oct-2025 08:20:34 Asia/Bangkok] Request URI: /api/product_search_api.php?q=tsest1&type=issue&available_only=true
[13-Oct-2025 08:20:34 Asia/Bangkok] Searching for: 'tsest1' with limit: 10
[13-Oct-2025 08:20:34 Asia/Bangkok] About to encode 0 results for type: issue
[13-Oct-2025 08:20:34 Asia/Bangkok] Sent JSON response length: 15
[13-Oct-2025 08:20:34 Asia/Bangkok] === product_search_api.php END ===
[13-Oct-2025 08:20:35 Asia/Bangkok] === product_search_api.php START ===
[13-Oct-2025 08:20:35 Asia/Bangkok] Request query: ts
[13-Oct-2025 08:20:35 Asia/Bangkok] Request method: GET
[13-Oct-2025 08:20:35 Asia/Bangkok] Request URI: /api/product_search_api.php?q=ts&type=issue&available_only=true
[13-Oct-2025 08:20:35 Asia/Bangkok] Searching for: 'ts' with limit: 10
[13-Oct-2025 08:20:35 Asia/Bangkok] About to encode 0 results for type: issue
[13-Oct-2025 08:20:35 Asia/Bangkok] Sent JSON response length: 15
[13-Oct-2025 08:20:35 Asia/Bangkok] === product_search_api.php END ===
[13-Oct-2025 08:20:36 Asia/Bangkok] === product_search_api.php START ===
[13-Oct-2025 08:20:36 Asia/Bangkok] Request query: gi
[13-Oct-2025 08:20:36 Asia/Bangkok] Request method: GET
[13-Oct-2025 08:20:36 Asia/Bangkok] Request URI: /api/product_search_api.php?q=gi&type=issue&available_only=true
[13-Oct-2025 08:20:36 Asia/Bangkok] Searching for: 'gi' with limit: 10
[13-Oct-2025 08:20:36 Asia/Bangkok] About to encode 9 results for type: issue
[13-Oct-2025 08:20:36 Asia/Bangkok] Sent JSON response length: 7087
[13-Oct-2025 08:20:36 Asia/Bangkok] === product_search_api.php END ===
[13-Oct-2025 08:20:40 Asia/Bangkok] === product_search_api.php START ===
[13-Oct-2025 08:20:40 Asia/Bangkok] Request query: gi
[13-Oct-2025 08:20:40 Asia/Bangkok] Request method: GET
[13-Oct-2025 08:20:40 Asia/Bangkok] Request URI: /api/product_search_api.php?q=gi&type=issue&available_only=true
[13-Oct-2025 08:20:40 Asia/Bangkok] Searching for: 'gi' with limit: 10
[13-Oct-2025 08:20:40 Asia/Bangkok] About to encode 9 results for type: issue
[13-Oct-2025 08:20:40 Asia/Bangkok] Sent JSON response length: 7087
[13-Oct-2025 08:20:40 Asia/Bangkok] === product_search_api.php END ===
[13-Oct-2025 08:22:40 Asia/Bangkok] === product_search_api.php START ===
[13-Oct-2025 08:22:40 Asia/Bangkok] Request query: test
[13-Oct-2025 08:22:40 Asia/Bangkok] Request method: GET
[13-Oct-2025 08:22:40 Asia/Bangkok] Request URI: /api/product_search_api.php?q=test&type=issue&available_only=true
[13-Oct-2025 08:22:40 Asia/Bangkok] Searching for: 'test' with limit: 10
[13-Oct-2025 08:22:40 Asia/Bangkok] About to encode 10 results for type: issue
[13-Oct-2025 08:22:40 Asia/Bangkok] Sent JSON response length: 5182
[13-Oct-2025 08:22:40 Asia/Bangkok] === product_search_api.php END ===
[13-Oct-2025 08:28:28 Asia/Bangkok] === product_search_api.php START ===
[13-Oct-2025 08:28:28 Asia/Bangkok] Request query: gi
[13-Oct-2025 08:28:28 Asia/Bangkok] Request method: GET
[13-Oct-2025 08:28:28 Asia/Bangkok] Request URI: /api/product_search_api.php?q=gi&type=issue&available_only=true
[13-Oct-2025 08:28:28 Asia/Bangkok] Searching for: 'gi' with limit: 10
[13-Oct-2025 08:28:28 Asia/Bangkok] About to encode 9 results for type: issue
[13-Oct-2025 08:28:28 Asia/Bangkok] Sent JSON response length: 7087
[13-Oct-2025 08:28:28 Asia/Bangkok] === product_search_api.php END ===
[13-Oct-2025 08:28:32 Asia/Bangkok] === product_search_api.php START ===
[13-Oct-2025 08:28:32 Asia/Bangkok] Request query: ts
[13-Oct-2025 08:28:32 Asia/Bangkok] Request method: GET
[13-Oct-2025 08:28:32 Asia/Bangkok] Request URI: /api/product_search_api.php?q=ts&type=issue&available_only=true
[13-Oct-2025 08:28:32 Asia/Bangkok] Searching for: 'ts' with limit: 10
[13-Oct-2025 08:28:32 Asia/Bangkok] About to encode 0 results for type: issue
[13-Oct-2025 08:28:32 Asia/Bangkok] Sent JSON response length: 15
[13-Oct-2025 08:28:32 Asia/Bangkok] === product_search_api.php END ===
[13-Oct-2025 08:28:34 Asia/Bangkok] === product_search_api.php START ===
[13-Oct-2025 08:28:34 Asia/Bangkok] Request query: tes
[13-Oct-2025 08:28:34 Asia/Bangkok] Request method: GET
[13-Oct-2025 08:28:34 Asia/Bangkok] Request URI: /api/product_search_api.php?q=tes&type=issue&available_only=true
[13-Oct-2025 08:28:34 Asia/Bangkok] Searching for: 'tes' with limit: 10
[13-Oct-2025 08:28:34 Asia/Bangkok] About to encode 10 results for type: issue
[13-Oct-2025 08:28:34 Asia/Bangkok] Sent JSON response length: 5182
[13-Oct-2025 08:28:34 Asia/Bangkok] === product_search_api.php END ===
[13-Oct-2025 08:28:54 Asia/Bangkok] Issue request: Tag=1928374793289387, Products=2, User=1
[13-Oct-2025 08:28:54 Asia/Bangkok] Created sale_order_id: 1
[13-Oct-2025 08:28:54 Asia/Bangkok] Successfully issued: Product ID 13, Qty 1, Receive ID 17, Sale Order ID 1
[13-Oct-2025 08:28:54 Asia/Bangkok] Successfully issued: Product ID 22, Qty 2, Receive ID 33, Sale Order ID 1
[13-Oct-2025 08:28:54 Asia/Bangkok] Issue completed: 2 successful, 0 errors
[13-Oct-2025 08:28:57 Asia/Bangkok] PDO Error in sales_orders_api: SQLSTATE[42S22]: Column not found: 1054 Unknown column 'ri.lot_number' in 'field list'
[13-Oct-2025 09:37:23 Asia/Bangkok] === product_search_api.php START ===
[13-Oct-2025 09:37:23 Asia/Bangkok] Request query: เร
[13-Oct-2025 09:37:23 Asia/Bangkok] Request method: GET
[13-Oct-2025 09:37:23 Asia/Bangkok] Request URI: /api/product_search_api.php?q=%E0%B9%80%E0%B8%A3&type=issue&available_only=true
[13-Oct-2025 09:37:23 Asia/Bangkok] Searching for: 'เร' with limit: 10
[13-Oct-2025 09:37:23 Asia/Bangkok] About to encode 0 results for type: issue
[13-Oct-2025 09:37:23 Asia/Bangkok] Sent JSON response length: 15
[13-Oct-2025 09:37:23 Asia/Bangkok] === product_search_api.php END ===
[13-Oct-2025 09:37:24 Asia/Bangkok] === product_search_api.php START ===
[13-Oct-2025 09:37:24 Asia/Bangkok] Request query: gi
[13-Oct-2025 09:37:24 Asia/Bangkok] Request method: GET
[13-Oct-2025 09:37:24 Asia/Bangkok] Request URI: /api/product_search_api.php?q=gi&type=issue&available_only=true
[13-Oct-2025 09:37:24 Asia/Bangkok] Searching for: 'gi' with limit: 10
[13-Oct-2025 09:37:24 Asia/Bangkok] About to encode 8 results for type: issue
[13-Oct-2025 09:37:24 Asia/Bangkok] Sent JSON response length: 6368
[13-Oct-2025 09:37:24 Asia/Bangkok] === product_search_api.php END ===
[13-Oct-2025 09:37:29 Asia/Bangkok] === product_search_api.php START ===
[13-Oct-2025 09:37:29 Asia/Bangkok] Request query: te
[13-Oct-2025 09:37:29 Asia/Bangkok] Request method: GET
[13-Oct-2025 09:37:29 Asia/Bangkok] Request URI: /api/product_search_api.php?q=te&type=issue&available_only=true
[13-Oct-2025 09:37:29 Asia/Bangkok] Searching for: 'te' with limit: 10
[13-Oct-2025 09:37:29 Asia/Bangkok] About to encode 10 results for type: issue
[13-Oct-2025 09:37:29 Asia/Bangkok] Sent JSON response length: 7523
[13-Oct-2025 09:37:29 Asia/Bangkok] === product_search_api.php END ===
[13-Oct-2025 09:37:30 Asia/Bangkok] === product_search_api.php START ===
[13-Oct-2025 09:37:30 Asia/Bangkok] Request query: test
[13-Oct-2025 09:37:30 Asia/Bangkok] Request method: GET
[13-Oct-2025 09:37:30 Asia/Bangkok] Request URI: /api/product_search_api.php?q=test&type=issue&available_only=true
[13-Oct-2025 09:37:30 Asia/Bangkok] Searching for: 'test' with limit: 10
[13-Oct-2025 09:37:30 Asia/Bangkok] About to encode 10 results for type: issue
[13-Oct-2025 09:37:30 Asia/Bangkok] Sent JSON response length: 5182
[13-Oct-2025 09:37:30 Asia/Bangkok] === product_search_api.php END ===
[13-Oct-2025 09:37:33 Asia/Bangkok] === product_search_api.php START ===
[13-Oct-2025 09:37:33 Asia/Bangkok] Request query: test3
[13-Oct-2025 09:37:33 Asia/Bangkok] Request method: GET
[13-Oct-2025 09:37:33 Asia/Bangkok] Request URI: /api/product_search_api.php?q=test3&type=issue&available_only=true
[13-Oct-2025 09:37:33 Asia/Bangkok] Searching for: 'test3' with limit: 10
[13-Oct-2025 09:37:33 Asia/Bangkok] About to encode 1 results for type: issue
[13-Oct-2025 09:37:33 Asia/Bangkok] Sent JSON response length: 511
[13-Oct-2025 09:37:33 Asia/Bangkok] === product_search_api.php END ===
[13-Oct-2025 09:37:42 Asia/Bangkok] === product_search_api.php START ===
[13-Oct-2025 09:37:42 Asia/Bangkok] Request query: tes
[13-Oct-2025 09:37:42 Asia/Bangkok] Request method: GET
[13-Oct-2025 09:37:42 Asia/Bangkok] Request URI: /api/product_search_api.php?q=tes&type=issue&available_only=true
[13-Oct-2025 09:37:42 Asia/Bangkok] Searching for: 'tes' with limit: 10
[13-Oct-2025 09:37:42 Asia/Bangkok] About to encode 10 results for type: issue
[13-Oct-2025 09:37:42 Asia/Bangkok] Sent JSON response length: 5182
[13-Oct-2025 09:37:42 Asia/Bangkok] === product_search_api.php END ===
[13-Oct-2025 09:37:44 Asia/Bangkok] === product_search_api.php START ===
[13-Oct-2025 09:37:44 Asia/Bangkok] Request query: test5
[13-Oct-2025 09:37:44 Asia/Bangkok] Request method: GET
[13-Oct-2025 09:37:44 Asia/Bangkok] Request URI: /api/product_search_api.php?q=test5&type=issue&available_only=true
[13-Oct-2025 09:37:44 Asia/Bangkok] Searching for: 'test5' with limit: 10
[13-Oct-2025 09:37:44 Asia/Bangkok] About to encode 1 results for type: issue
[13-Oct-2025 09:37:44 Asia/Bangkok] Sent JSON response length: 511
[13-Oct-2025 09:37:44 Asia/Bangkok] === product_search_api.php END ===
[13-Oct-2025 09:37:50 Asia/Bangkok] Issue request: Tag=SHOPEE12345678, Products=3, User=1
[13-Oct-2025 09:37:50 Asia/Bangkok] Created sale_order_id: 2
[13-Oct-2025 09:37:50 Asia/Bangkok] Successfully issued: Product ID 17, Qty 1, Receive ID 21, Sale Order ID 2
[13-Oct-2025 09:37:50 Asia/Bangkok] Successfully issued: Product ID 3, Qty 2, Receive ID 56, Sale Order ID 2
[13-Oct-2025 09:37:50 Asia/Bangkok] Successfully issued: Product ID 5, Qty 1, Receive ID 48, Sale Order ID 2
[13-Oct-2025 09:37:50 Asia/Bangkok] Issue completed: 3 successful, 0 errors
[13-Oct-2025 10:23:59 Asia/Bangkok] === product_search_api.php START ===
[13-Oct-2025 10:23:59 Asia/Bangkok] Request query: TEST
[13-Oct-2025 10:23:59 Asia/Bangkok] Request method: GET
[13-Oct-2025 10:23:59 Asia/Bangkok] Request URI: /api/product_search_api.php?q=TEST&type=issue&available_only=true
[13-Oct-2025 10:23:59 Asia/Bangkok] Searching for: 'TEST' with limit: 10
[13-Oct-2025 10:23:59 Asia/Bangkok] About to encode 10 results for type: issue
[13-Oct-2025 10:23:59 Asia/Bangkok] Sent JSON response length: 5182
[13-Oct-2025 10:23:59 Asia/Bangkok] === product_search_api.php END ===
[13-Oct-2025 10:24:08 Asia/Bangkok] === product_search_api.php START ===
[13-Oct-2025 10:24:08 Asia/Bangkok] Request query: TS
[13-Oct-2025 10:24:08 Asia/Bangkok] Request method: GET
[13-Oct-2025 10:24:08 Asia/Bangkok] Request URI: /api/product_search_api.php?q=TS&type=issue&available_only=true
[13-Oct-2025 10:24:08 Asia/Bangkok] Searching for: 'TS' with limit: 10
[13-Oct-2025 10:24:08 Asia/Bangkok] About to encode 0 results for type: issue
[13-Oct-2025 10:24:08 Asia/Bangkok] Sent JSON response length: 15
[13-Oct-2025 10:24:08 Asia/Bangkok] === product_search_api.php END ===
[13-Oct-2025 10:24:09 Asia/Bangkok] === product_search_api.php START ===
[13-Oct-2025 10:24:09 Asia/Bangkok] Request query: TE
[13-Oct-2025 10:24:09 Asia/Bangkok] Request method: GET
[13-Oct-2025 10:24:09 Asia/Bangkok] Request URI: /api/product_search_api.php?q=TE&type=issue&available_only=true
[13-Oct-2025 10:24:09 Asia/Bangkok] Searching for: 'TE' with limit: 10
[13-Oct-2025 10:24:09 Asia/Bangkok] About to encode 10 results for type: issue
[13-Oct-2025 10:24:09 Asia/Bangkok] Sent JSON response length: 7239
[13-Oct-2025 10:24:09 Asia/Bangkok] === product_search_api.php END ===
[13-Oct-2025 10:24:11 Asia/Bangkok] === product_search_api.php START ===
[13-Oct-2025 10:24:11 Asia/Bangkok] Request query: TGI
[13-Oct-2025 10:24:11 Asia/Bangkok] Request method: GET
[13-Oct-2025 10:24:11 Asia/Bangkok] Request URI: /api/product_search_api.php?q=TGI&type=issue&available_only=true
[13-Oct-2025 10:24:11 Asia/Bangkok] Searching for: 'TGI' with limit: 10
[13-Oct-2025 10:24:11 Asia/Bangkok] About to encode 0 results for type: issue
[13-Oct-2025 10:24:11 Asia/Bangkok] Sent JSON response length: 15
[13-Oct-2025 10:24:11 Asia/Bangkok] === product_search_api.php END ===
[13-Oct-2025 10:24:13 Asia/Bangkok] === product_search_api.php START ===
[13-Oct-2025 10:24:13 Asia/Bangkok] Request query: GI
[13-Oct-2025 10:24:13 Asia/Bangkok] Request method: GET
[13-Oct-2025 10:24:13 Asia/Bangkok] Request URI: /api/product_search_api.php?q=GI&type=issue&available_only=true
[13-Oct-2025 10:24:13 Asia/Bangkok] Searching for: 'GI' with limit: 10
[13-Oct-2025 10:24:13 Asia/Bangkok] About to encode 7 results for type: issue
[13-Oct-2025 10:24:13 Asia/Bangkok] Sent JSON response length: 5606
[13-Oct-2025 10:24:13 Asia/Bangkok] === product_search_api.php END ===
[13-Oct-2025 14:03:40 Asia/Bangkok] PDO Error in sales_orders_api: SQLSTATE[42S22]: Column not found: 1054 Unknown column 'ii.cost_price' in 'field list'
[13-Oct-2025 14:04:53 Asia/Bangkok] PDO Error in sales_orders_api: SQLSTATE[42S22]: Column not found: 1054 Unknown column 'ii.cost_price' in 'field list'
[13-Oct-2025 14:04:56 Asia/Bangkok] PDO Error in sales_orders_api: SQLSTATE[42S22]: Column not found: 1054 Unknown column 'ii.cost_price' in 'field list'
[13-Oct-2025 14:12:16 Asia/Bangkok] PDO Error in sales_orders_api: SQLSTATE[42S22]: Column not found: 1054 Unknown column 'ii.cost_price' in 'field list'
[13-Oct-2025 15:44:01 Asia/Bangkok] === product_search_api.php START ===
[13-Oct-2025 15:44:01 Asia/Bangkok] Request query: TEST
[13-Oct-2025 15:44:01 Asia/Bangkok] Request method: GET
[13-Oct-2025 15:44:01 Asia/Bangkok] Request URI: /api/product_search_api.php?q=TEST&type=issue&available_only=true
[13-Oct-2025 15:44:01 Asia/Bangkok] Searching for: 'TEST' with limit: 10
[13-Oct-2025 15:44:01 Asia/Bangkok] About to encode 10 results for type: issue
[13-Oct-2025 15:44:01 Asia/Bangkok] Sent JSON response length: 5026
[13-Oct-2025 15:44:01 Asia/Bangkok] === product_search_api.php END ===
[13-Oct-2025 15:44:18 Asia/Bangkok] === product_search_api.php START ===
[13-Oct-2025 15:44:18 Asia/Bangkok] Request query: TEST
[13-Oct-2025 15:44:18 Asia/Bangkok] Request method: GET
[13-Oct-2025 15:44:18 Asia/Bangkok] Request URI: /api/product_search_api.php?q=TEST&type=issue&available_only=true
[13-Oct-2025 15:44:18 Asia/Bangkok] Searching for: 'TEST' with limit: 10
[13-Oct-2025 15:44:18 Asia/Bangkok] About to encode 10 results for type: issue
[13-Oct-2025 15:44:18 Asia/Bangkok] Sent JSON response length: 5026
[13-Oct-2025 15:44:18 Asia/Bangkok] === product_search_api.php END ===
[13-Oct-2025 15:44:22 Asia/Bangkok] === product_search_api.php START ===
[13-Oct-2025 15:44:22 Asia/Bangkok] Request query: TES
[13-Oct-2025 15:44:22 Asia/Bangkok] Request method: GET
[13-Oct-2025 15:44:22 Asia/Bangkok] Request URI: /api/product_search_api.php?q=TES&type=issue&available_only=true
[13-Oct-2025 15:44:22 Asia/Bangkok] Searching for: 'TES' with limit: 10
[13-Oct-2025 15:44:22 Asia/Bangkok] About to encode 10 results for type: issue
[13-Oct-2025 15:44:22 Asia/Bangkok] Sent JSON response length: 5026
[13-Oct-2025 15:44:22 Asia/Bangkok] === product_search_api.php END ===
[13-Oct-2025 15:44:23 Asia/Bangkok] === product_search_api.php START ===
[13-Oct-2025 15:44:23 Asia/Bangkok] Request query: TES1
[13-Oct-2025 15:44:23 Asia/Bangkok] Request method: GET
[13-Oct-2025 15:44:23 Asia/Bangkok] Request URI: /api/product_search_api.php?q=TES1&type=issue&available_only=true
[13-Oct-2025 15:44:23 Asia/Bangkok] Searching for: 'TES1' with limit: 10
[13-Oct-2025 15:44:23 Asia/Bangkok] About to encode 0 results for type: issue
[13-Oct-2025 15:44:23 Asia/Bangkok] Sent JSON response length: 15
[13-Oct-2025 15:44:23 Asia/Bangkok] === product_search_api.php END ===
[13-Oct-2025 15:44:24 Asia/Bangkok] === product_search_api.php START ===
[13-Oct-2025 15:44:24 Asia/Bangkok] Request query: TES
[13-Oct-2025 15:44:24 Asia/Bangkok] Request method: GET
[13-Oct-2025 15:44:24 Asia/Bangkok] Request URI: /api/product_search_api.php?q=TES&type=issue&available_only=true
[13-Oct-2025 15:44:25 Asia/Bangkok] Searching for: 'TES' with limit: 10
[13-Oct-2025 15:44:25 Asia/Bangkok] About to encode 10 results for type: issue
[13-Oct-2025 15:44:25 Asia/Bangkok] Sent JSON response length: 5026
[13-Oct-2025 15:44:25 Asia/Bangkok] === product_search_api.php END ===
[13-Oct-2025 15:44:25 Asia/Bangkok] === product_search_api.php START ===
[13-Oct-2025 15:44:25 Asia/Bangkok] Request query: TESTQ
[13-Oct-2025 15:44:25 Asia/Bangkok] Request method: GET
[13-Oct-2025 15:44:25 Asia/Bangkok] Request URI: /api/product_search_api.php?q=TESTQ&type=issue&available_only=true
[13-Oct-2025 15:44:25 Asia/Bangkok] Searching for: 'TESTQ' with limit: 10
[13-Oct-2025 15:44:25 Asia/Bangkok] About to encode 0 results for type: issue
[13-Oct-2025 15:44:25 Asia/Bangkok] Sent JSON response length: 15
[13-Oct-2025 15:44:25 Asia/Bangkok] === product_search_api.php END ===
[13-Oct-2025 15:44:26 Asia/Bangkok] === product_search_api.php START ===
[13-Oct-2025 15:44:26 Asia/Bangkok] Request query: TEST
[13-Oct-2025 15:44:26 Asia/Bangkok] Request method: GET
[13-Oct-2025 15:44:26 Asia/Bangkok] Request URI: /api/product_search_api.php?q=TEST&type=issue&available_only=true
[13-Oct-2025 15:44:26 Asia/Bangkok] Searching for: 'TEST' with limit: 10
[13-Oct-2025 15:44:26 Asia/Bangkok] About to encode 10 results for type: issue
[13-Oct-2025 15:44:26 Asia/Bangkok] Sent JSON response length: 5026
[13-Oct-2025 15:44:26 Asia/Bangkok] === product_search_api.php END ===
[13-Oct-2025 15:44:28 Asia/Bangkok] === product_search_api.php START ===
[13-Oct-2025 15:44:28 Asia/Bangkok] Request query: TEST1
[13-Oct-2025 15:44:28 Asia/Bangkok] Request method: GET
[13-Oct-2025 15:44:28 Asia/Bangkok] Request URI: /api/product_search_api.php?q=TEST1&type=issue&available_only=true
[13-Oct-2025 15:44:28 Asia/Bangkok] Searching for: 'TEST1' with limit: 10
[13-Oct-2025 15:44:28 Asia/Bangkok] About to encode 10 results for type: issue
[13-Oct-2025 15:44:28 Asia/Bangkok] Sent JSON response length: 5026
[13-Oct-2025 15:44:28 Asia/Bangkok] === product_search_api.php END ===
[13-Oct-2025 15:45:15 Asia/Bangkok] === product_search_api.php START ===
[13-Oct-2025 15:45:15 Asia/Bangkok] Request query: TEST
[13-Oct-2025 15:45:15 Asia/Bangkok] Request method: GET
[13-Oct-2025 15:45:15 Asia/Bangkok] Request URI: /api/product_search_api.php?q=TEST&type=issue&available_only=true
[13-Oct-2025 15:45:15 Asia/Bangkok] Searching for: 'TEST' with limit: 10
[13-Oct-2025 15:45:15 Asia/Bangkok] About to encode 10 results for type: issue
[13-Oct-2025 15:45:15 Asia/Bangkok] Sent JSON response length: 5026
[13-Oct-2025 15:45:15 Asia/Bangkok] === product_search_api.php END ===
[13-Oct-2025 15:45:16 Asia/Bangkok] === product_search_api.php START ===
[13-Oct-2025 15:45:16 Asia/Bangkok] Request query: TEST1
[13-Oct-2025 15:45:16 Asia/Bangkok] Request method: GET
[13-Oct-2025 15:45:16 Asia/Bangkok] Request URI: /api/product_search_api.php?q=TEST1&type=issue&available_only=true
[13-Oct-2025 15:45:16 Asia/Bangkok] Searching for: 'TEST1' with limit: 10
[13-Oct-2025 15:45:16 Asia/Bangkok] About to encode 10 results for type: issue
[13-Oct-2025 15:45:16 Asia/Bangkok] Sent JSON response length: 5026
[13-Oct-2025 15:45:16 Asia/Bangkok] === product_search_api.php END ===
[13-Oct-2025 15:45:52 Asia/Bangkok] === product_search_api.php START ===
[13-Oct-2025 15:45:52 Asia/Bangkok] Request query: GI
[13-Oct-2025 15:45:52 Asia/Bangkok] Request method: GET
[13-Oct-2025 15:45:52 Asia/Bangkok] Request URI: /api/product_search_api.php?q=GI&type=issue&available_only=true
[13-Oct-2025 15:45:52 Asia/Bangkok] Searching for: 'GI' with limit: 10
[13-Oct-2025 15:45:52 Asia/Bangkok] About to encode 10 results for type: issue
[13-Oct-2025 15:45:52 Asia/Bangkok] Sent JSON response length: 7697
[13-Oct-2025 15:45:52 Asia/Bangkok] === product_search_api.php END ===
[13-Oct-2025 15:46:44 Asia/Bangkok] Issue request: Tag=273665KSJDIUHI, Products=2, User=1
[13-Oct-2025 15:46:44 Asia/Bangkok] Created sale_order_id: 3
[13-Oct-2025 15:46:44 Asia/Bangkok] Successfully issued: Product ID 22, Qty 5, Receive ID 27, Sale Order ID 3
[13-Oct-2025 15:46:44 Asia/Bangkok] Successfully issued: Product ID 12, Qty 1, Receive ID 65, Sale Order ID 3
[13-Oct-2025 15:46:44 Asia/Bangkok] Issue completed: 2 successful, 0 errors
[13-Oct-2025 16:20:13 Asia/Bangkok] === product_search_api.php START ===
[13-Oct-2025 16:20:13 Asia/Bangkok] Request query: test1
[13-Oct-2025 16:20:13 Asia/Bangkok] Request method: GET
[13-Oct-2025 16:20:13 Asia/Bangkok] Request URI: /api/product_search_api.php?q=test1&limit=10
[13-Oct-2025 16:20:13 Asia/Bangkok] Searching for: 'test1' with limit: 10
[13-Oct-2025 16:20:13 Asia/Bangkok] About to encode 2 results for type: default
[13-Oct-2025 16:20:13 Asia/Bangkok] Sent JSON response length: 749
[13-Oct-2025 16:20:13 Asia/Bangkok] === product_search_api.php END ===
[13-Oct-2025 16:20:24 Asia/Bangkok] update_po_section.php called with: {"po_id":"26","product_id":"1","product_name":"test1","qty":"1","price_per_unit":"1","unit":"\u0e41\u0e1e\u0e47\u0e04","currency_id":"2","price_original":"1","exchange_rate":"39","update_type":"add_item"}
[13-Oct-2025 16:20:24 Asia/Bangkok] Processing update: po_id=26, type=add_item
